<?xml version="1.0" encoding="UTF-8"?>
<testsuite name="com.example.Google_Selenium2.SearchTestGoogle" tests="1" skipped="0" failures="0" errors="0" timestamp="2021-02-03T17:49:10" hostname="ubuntu" time="11.858">
  <properties/>
  <testcase name="test2()" classname="com.example.Google_Selenium2.SearchTestGoogle" time="11.858"/>
  <system-out><![CDATA[]]></system-out>
  <system-err><![CDATA[1612374551613	geckodriver	INFO	Listening on 127.0.0.1:27684
1612374552219	mozrunner::runner	INFO	Running command: "/usr/lib/firefox/firefox" "--marionette" "-headless" "-foreground" "-no-remote" "-profile" "/tmp/rust_mozprofilepOgEA4"
*** You are running in headless mode.

(firefox:69326): GLib-GObject-WARNING **: 18:49:12.872: invalid (NULL) pointer instance

(firefox:69326): GLib-GObject-CRITICAL **: 18:49:12.872: g_signal_connect_data: assertion 'G_TYPE_CHECK_INSTANCE (instance)' failed

(/usr/lib/firefox/firefox:69520): GLib-GObject-WARNING **: 18:49:13.656: invalid (NULL) pointer instance

(/usr/lib/firefox/firefox:69520): GLib-GObject-CRITICAL **: 18:49:13.656: g_signal_connect_data: assertion 'G_TYPE_CHECK_INSTANCE (instance)' failed

(/usr/lib/firefox/firefox:69541): GLib-GObject-WARNING **: 18:49:13.905: invalid (NULL) pointer instance

(/usr/lib/firefox/firefox:69541): GLib-GObject-CRITICAL **: 18:49:13.905: g_signal_connect_data: assertion 'G_TYPE_CHECK_INSTANCE (instance)' failed
console.warn: SearchSettings: "get: No settings file exists, new profile?" (new Error("", "(unknown module)"))

(/usr/lib/firefox/firefox:69596): GLib-GObject-WARNING **: 18:49:16.282: invalid (NULL) pointer instance

(/usr/lib/firefox/firefox:69596): GLib-GObject-CRITICAL **: 18:49:16.282: g_signal_connect_data: assertion 'G_TYPE_CHECK_INSTANCE (instance)' failed
1612374556300	Marionette	INFO	Listening on port 41377
1612374556397	Marionette	WARN	TLS certificate errors will be ignored for this session
Feb 03, 2021 6:49:16 PM org.openqa.selenium.remote.ProtocolHandshake createSession
INFO: Detected dialect: W3C
1612374560051	Marionette	INFO	Stopped listening on port 41377
]]></system-err>
</testsuite>
