<?xml version="1.0" encoding="UTF-8"?>
<testsuite name="com.example.Google_Selenium2.MainPageTest" tests="1" skipped="0" failures="0" errors="0" timestamp="2021-02-03T17:50:01" hostname="ubuntu" time="11.943">
  <properties/>
  <testcase name="search()" classname="com.example.Google_Selenium2.MainPageTest" time="11.943"/>
  <system-out><![CDATA[]]></system-out>
  <system-err><![CDATA[[Test worker] INFO com.codeborne.selenide.impl.WebDriverThreadLocalContainer - No webdriver is bound to current thread: 11 - let's create a new webdriver
[Test worker] INFO com.codeborne.selenide.impl.FileHelper - Creating folder: /home/viewadmin/IdeaProjects/Google-Selenium2/build/downloads/1612374601294_69277_11
[Test worker] INFO io.github.bonigarcia.wdm.WebDriverManager - Using geckodriver 0.29.0 (resolved driver for Firefox 84)
[Test worker] INFO io.github.bonigarcia.wdm.WebDriverManager - Exporting webdriver.gecko.driver as /home/viewadmin/.cache/selenium/geckodriver/linux64/0.29.0/geckodriver
[Test worker] INFO com.codeborne.selenide.webdriver.AbstractDriverFactory - Write webdriver logs to: /home/viewadmin/IdeaProjects/Google-Selenium2/build/reports/tests/webdriver.1612374601824_69277_11.log
Feb 03, 2021 6:50:06 PM org.openqa.selenium.remote.ProtocolHandshake createSession
INFO: Detected dialect: W3C
[Test worker] INFO com.codeborne.selenide.webdriver.WebDriverFactory - BrowserName=firefox Version=84.0.2 Platform=LINUX
[Test worker] INFO com.codeborne.selenide.webdriver.WebDriverFactory - Selenide v. 5.16.2
[Test worker] INFO com.codeborne.selenide.webdriver.WebDriverFactory - Selenium WebDriver v. 3.141.59 build time: 2018-11-14T08:17:03
[Test worker] INFO com.codeborne.selenide.drivercommands.CreateDriverCommand - Create webdriver in current thread 11: FirefoxDriver -> FirefoxDriver: firefox on LINUX (1e42a2b7-c08f-43e0-a565-c5814096032f)
]]></system-err>
</testsuite>
