<?xml version="1.0" encoding="UTF-8"?>
<testsuite name="com.example.Google_Selenium2.SearchImdbTest" tests="1" skipped="0" failures="0" errors="0" timestamp="2021-02-03T17:49:22" hostname="ubuntu" time="27.51">
  <properties/>
  <testcase name="searchimdb()" classname="com.example.Google_Selenium2.SearchImdbTest" time="27.51"/>
  <system-out><![CDATA[]]></system-out>
  <system-err><![CDATA[1612374562436	geckodriver	INFO	Listening on 127.0.0.1:2481
1612374562472	mozrunner::runner	INFO	Running command: "/usr/lib/firefox/firefox" "--marionette" "-headless" "-foreground" "-no-remote" "-profile" "/tmp/rust_mozprofilejD938C"
*** You are running in headless mode.

(firefox:69651): GLib-GObject-WARNING **: 18:49:23.132: invalid (NULL) pointer instance

(firefox:69651): GLib-GObject-CRITICAL **: 18:49:23.133: g_signal_connect_data: assertion 'G_TYPE_CHECK_INSTANCE (instance)' failed

(/usr/lib/firefox/firefox:69897): GLib-GObject-WARNING **: 18:49:23.973: invalid (NULL) pointer instance

(/usr/lib/firefox/firefox:69897): GLib-GObject-CRITICAL **: 18:49:23.973: g_signal_connect_data: assertion 'G_TYPE_CHECK_INSTANCE (instance)' failed

(/usr/lib/firefox/firefox:69918): GLib-GObject-WARNING **: 18:49:24.205: invalid (NULL) pointer instance

(/usr/lib/firefox/firefox:69918): GLib-GObject-CRITICAL **: 18:49:24.205: g_signal_connect_data: assertion 'G_TYPE_CHECK_INSTANCE (instance)' failed
console.warn: SearchSettings: "get: No settings file exists, new profile?" (new Error("", "(unknown module)"))

(/usr/lib/firefox/firefox:69984): GLib-GObject-WARNING **: 18:49:26.429: invalid (NULL) pointer instance

(/usr/lib/firefox/firefox:69984): GLib-GObject-CRITICAL **: 18:49:26.429: g_signal_connect_data: assertion 'G_TYPE_CHECK_INSTANCE (instance)' failed
1612374566505	Marionette	INFO	Listening on port 39343
1612374566646	Marionette	WARN	TLS certificate errors will be ignored for this session
Feb 03, 2021 6:49:26 PM org.openqa.selenium.remote.ProtocolHandshake createSession
INFO: Detected dialect: W3C
JavaScript error: , line 0: NotFoundError: No such JSWindowActor 'MarionetteEvents'
1612374579698	Marionette	WARN	Ignoring event 'DOMContentLoaded' because document has an invalid readyState of 'complete'.
1612374579783	Marionette	WARN	Ignoring event 'DOMContentLoaded' because document has an invalid readyState of 'complete'.
1612374579785	Marionette	WARN	Ignoring event 'DOMContentLoaded' because document has an invalid readyState of 'complete'.
1612374585919	Marionette	WARN	Ignoring event 'DOMContentLoaded' because document has an invalid readyState of 'loading'.
1612374588757	Marionette	INFO	Stopped listening on port 39343
JavaScript error: https://m.media-amazon.com/images/S/sash/wDqcPWN-$punknn.js, line 94: NS_ERROR_NOT_INITIALIZED: 
]]></system-err>
</testsuite>
